<?xml version="1.0" encoding="UTF-8"?>
<!-- Generated by org.testng.reporters.JUnitXMLReporter -->
<testsuite hostname="koingdevs-MacBook-Pro.local" name="Default test" tests="3" failures="0" timestamp="13 Dec 2017 01:34:49 GMT" time="22.445" errors="0">
  <testcase name="testCheckDefaultScreenName" time="1.689" classname="com.koingdev.appium.RucTestNG"/>
  <testcase name="testClickOnFirstCell" time="2.179" classname="com.koingdev.appium.RucTestNG"/>
  <testcase name="testClickOnMenu" time="1.065" classname="com.koingdev.appium.RucTestNG"/>
</testsuite> <!-- Default test -->
